<?xml version="1.0" encoding="UTF-8"?>
<testsuite name="com.github.dorval.francois.composant.MainTest" tests="3" skipped="0" failures="0" errors="0" timestamp="2020-07-07T13:34:11" hostname="DESKTOP-MIM1SVE" time="0.03">
  <properties/>
  <testcase name="testCasPassantBeteEtMechant" classname="com.github.dorval.francois.composant.MainTest" time="0.027"/>
  <testcase name="testCasKo" classname="com.github.dorval.francois.composant.MainTest" time="0.001"/>
  <testcase name="testDivisionZero" classname="com.github.dorval.francois.composant.MainTest" time="0.001"/>
  <system-out><![CDATA[]]></system-out>
  <system-err><![CDATA[]]></system-err>
</testsuite>
